

***********************************************************************
Fatal NI connect error 12203, connecting to:
 (DESCRIPTION=(ADDRESS_LIST=(ADDRESS=(PROTOCOL=BEQ)(PROGRAM=oracle80)(ARGV0=oracle80ORCL)(ARGS='(DESCRIPTION=(LOCAL=YES)(ADDRESS=(PROTOCOL=beq)))')))(CONNECT_DATA=(SID=ORCL)(CID=(PROGRAM=C:\orant\bin\PLUS80.exe)(HOST=ITS1009)(USER=its1009))))

  VERSION INFORMATION:
	TNS for 32-bit Windows: Version 8.0.6.0.0 - Production
	Oracle Bequeath NT Protocol Adapter for 32-bit Windows: Version 8.0.6.0.0 - Production
  Time: 28-SEP-24 22:56:39
  Tracing not turned on.
  Tns error struct:
    nr err code: 12203
    TNS-12203: TNS:no se puede conectar con el destino
    ns main err code: 12560
    TNS-12560: TNS:error del adaptador de protocolo
    ns secondary err code: 0
    nt main err code: 530
    TNS-00530: Error del adaptador de protocolo
    nt secondary err code: 0
    nt OS err code: 0


***********************************************************************
Fatal NI connect error 12203, connecting to:
 (DESCRIPTION=(ADDRESS_LIST=(ADDRESS=(PROTOCOL=BEQ)(PROGRAM=oracle80)(ARGV0=oracle80ORCL)(ARGS='(DESCRIPTION=(LOCAL=YES)(ADDRESS=(PROTOCOL=beq)))')))(CONNECT_DATA=(SID=ORCL)(CID=(PROGRAM=C:\orant\bin\PLUS80.exe)(HOST=ITS1009)(USER=its1009))))

  VERSION INFORMATION:
	TNS for 32-bit Windows: Version 8.0.6.0.0 - Production
	Oracle Bequeath NT Protocol Adapter for 32-bit Windows: Version 8.0.6.0.0 - Production
  Time: 28-SEP-24 22:56:52
  Tracing not turned on.
  Tns error struct:
    nr err code: 12203
    TNS-12203: TNS:no se puede conectar con el destino
    ns main err code: 12560
    TNS-12560: TNS:error del adaptador de protocolo
    ns secondary err code: 0
    nt main err code: 530
    TNS-00530: Error del adaptador de protocolo
    nt secondary err code: 0
    nt OS err code: 0
